{"/mnt/c/staenk/essai/test-driven-fizzbuzz/index.js": {"path":"/mnt/c/staenk/essai/test-driven-fizzbuzz/index.js","statementMap":{"0":{"start":{"line":1,"column":0},"end":{"line":11,"column":1}},"1":{"start":{"line":2,"column":4},"end":{"line":9,"column":5}},"2":{"start":{"line":3,"column":8},"end":{"line":3,"column":25}},"3":{"start":{"line":5,"column":9},"end":{"line":9,"column":5}},"4":{"start":{"line":6,"column":8},"end":{"line":6,"column":21}},"5":{"start":{"line":7,"column":10},"end":{"line":9,"column":5}},"6":{"start":{"line":8,"column":8},"end":{"line":8,"column":21}},"7":{"start":{"line":10,"column":4},"end":{"line":10,"column":14}}},"fnMap":{"0":{"name":"(anonymous_0)","decl":{"start":{"line":1,"column":17},"end":{"line":1,"column":18}},"loc":{"start":{"line":1,"column":26},"end":{"line":11,"column":1}},"line":1}},"branchMap":{"0":{"loc":{"start":{"line":2,"column":4},"end":{"line":9,"column":5}},"type":"if","locations":[{"start":{"line":2,"column":4},"end":{"line":9,"column":5}},{"start":{"line":2,"column":4},"end":{"line":9,"column":5}}],"line":2},"1":{"loc":{"start":{"line":2,"column":7},"end":{"line":2,"column":37}},"type":"binary-expr","locations":[{"start":{"line":2,"column":7},"end":{"line":2,"column":20}},{"start":{"line":2,"column":24},"end":{"line":2,"column":37}}],"line":2},"2":{"loc":{"start":{"line":5,"column":9},"end":{"line":9,"column":5}},"type":"if","locations":[{"start":{"line":5,"column":9},"end":{"line":9,"column":5}},{"start":{"line":5,"column":9},"end":{"line":9,"column":5}}],"line":5},"3":{"loc":{"start":{"line":7,"column":10},"end":{"line":9,"column":5}},"type":"if","locations":[{"start":{"line":7,"column":10},"end":{"line":9,"column":5}},{"start":{"line":7,"column":10},"end":{"line":9,"column":5}}],"line":7}},"s":{"0":1,"1":6,"2":1,"3":5,"4":1,"5":4,"6":1,"7":3},"f":{"0":6},"b":{"0":[1,5],"1":[6,2],"2":[1,4],"3":[1,3]},"_coverageSchema":"43e27e138ebf9cfc5966b082cf9a028302ed4184","hash":"1d121d51f6664c32c4cd71e46bb01c03cd36eaa3"}
}
